#
# There is insufficient memory for the Java Runtime Environment to continue.
# Native memory allocation (mmap) failed to map 65536 bytes for Failed to commit metaspace.
# Possible reasons:
#   The system is out of physical RAM or swap space
#   The process is running with CompressedOops enabled, and the Java Heap may be blocking the growth of the native heap
# Possible solutions:
#   Reduce memory load on the system
#   Increase physical memory or swap space
#   Check if swap backing store is full
#   Decrease Java heap size (-Xmx/-Xms)
#   Decrease number of Java threads
#   Decrease Java thread stack sizes (-Xss)
#   Set larger code cache with -XX:ReservedCodeCacheSize=
#   JVM is running with Unscaled Compressed Oops mode in which the Java heap is
#     placed in the first 4GB address space. The Java Heap base address is the
#     maximum limit for the native heap growth. Please use -XX:HeapBaseMinAddress
#     to set the Java Heap base and to place the Java Heap above 4GB virtual address.
# This output file may be truncated or incomplete.
#
#  Out of Memory Error (virtualSpaceNode.cpp:110), pid=9240, tid=9592
#
# JRE version: OpenJDK Runtime Environment Temurin-17.0.2+8 (17.0.2+8) (build 17.0.2+8)
# Java VM: OpenJDK 64-Bit Server VM Temurin-17.0.2+8 (17.0.2+8, mixed mode, tiered, compressed oops, compressed class ptrs, g1 gc, windows-amd64)
# No core dump will be written. Minidumps are not enabled by default on client versions of Windows
#

---------------  S U M M A R Y ------------

Command Line: -XX:+ShowCodeDetailsInExceptionMessages -agentlib:jdwp=transport=dt_socket,suspend=y,address=localhost:53073 -javaagent:C:\Users\DELL\eclipse\jee-2022-03\eclipse\configuration\org.eclipse.osgi\422\0\.cp\lib\javaagent-shaded.jar -Dfile.encoding=Cp1252 com.mypackage1.demo1

Host: Intel(R) Core(TM) i5-2520M CPU @ 2.50GHz, 4 cores, 3G,  Windows 10 , 64 bit Build 19041 (10.0.19041.1566)
Time: Sat May  7 14:37:20 2022 India Standard Time elapsed time: 2.122848 seconds (0d 0h 0m 2s)

---------------  T H R E A D  ---------------

Current thread (0x00000267f27bba40):  JavaThread "main" [_thread_in_vm, id=9592, stack(0x000000b423200000,0x000000b423300000)]

Stack: [0x000000b423200000,0x000000b423300000]
Native frames: (J=compiled Java code, j=interpreted, Vv=VM code, C=native code)
V  [jvm.dll+0x67564a]
V  [jvm.dll+0x82fc04]
V  [jvm.dll+0x8313ae]
V  [jvm.dll+0x831a13]
V  [jvm.dll+0x245235]
V  [jvm.dll+0x82bbab]
V  [jvm.dll+0x61a336]
V  [jvm.dll+0x61a39a]
V  [jvm.dll+0x61cbba]
V  [jvm.dll+0x61acd6]
V  [jvm.dll+0x624a37]
V  [jvm.dll+0x1e9eab]
V  [jvm.dll+0x1ea3e5]
V  [jvm.dll+0x1eae1f]
V  [jvm.dll+0x1e02c1]
V  [jvm.dll+0x53b6e0]
V  [jvm.dll+0x1f0ab7]
V  [jvm.dll+0x7aa1bb]
V  [jvm.dll+0x7ab562]
V  [jvm.dll+0x7ab898]
V  [jvm.dll+0x23d51e]
V  [jvm.dll+0x23d76f]
V  [jvm.dll+0x558d38]
V  [jvm.dll+0x55bba0]
V  [jvm.dll+0x382937]
V  [jvm.dll+0x381f8f]
C  0x00000267800260e2

Java frames: (J=compiled Java code, j=interpreted, Vv=VM code)
j  sun.security.pkcs.SignerInfo.verify(Lsun/security/pkcs/PKCS7;[B)Lsun/security/pkcs/SignerInfo;+532 java.base@17.0.2
j  sun.security.pkcs.PKCS7.verify(Lsun/security/pkcs/SignerInfo;[B)Lsun/security/pkcs/SignerInfo;+3 java.base@17.0.2
j  sun.security.pkcs.PKCS7.verify([B)[Lsun/security/pkcs/SignerInfo;+27 java.base@17.0.2
j  sun.security.pkcs.SignerInfo.getTimestamp()Ljava/security/Timestamp;+45 java.base@17.0.2
j  sun.security.pkcs.SignerInfo.verify(Lsun/security/pkcs/PKCS7;[B)Lsun/security/pkcs/SignerInfo;+3 java.base@17.0.2
j  sun.security.pkcs.PKCS7.verify(Lsun/security/pkcs/SignerInfo;[B)Lsun/security/pkcs/SignerInfo;+3 java.base@17.0.2
j  sun.security.pkcs.PKCS7.verify([B)[Lsun/security/pkcs/SignerInfo;+27 java.base@17.0.2
j  sun.security.util.SignatureFileVerifier.processImpl(Ljava/util/Hashtable;Ljava/util/List;Ljava/lang/String;)V+62 java.base@17.0.2
j  sun.security.util.SignatureFileVerifier.process(Ljava/util/Hashtable;Ljava/util/List;Ljava/lang/String;)V+12 java.base@17.0.2
j  java.util.jar.JarVerifier.processEntry(Lsun/security/util/ManifestEntryVerifier;)V+393 java.base@17.0.2
j  java.util.jar.JarVerifier.update(I[BIILsun/security/util/ManifestEntryVerifier;)V+39 java.base@17.0.2
j  java.util.jar.JarFile.initializeVerifier()V+164 java.base@17.0.2
j  java.util.jar.JarFile.ensureInitialization()V+41 java.base@17.0.2
j  java.util.jar.JavaUtilJarAccessImpl.ensureInitialization(Ljava/util/jar/JarFile;)V+1 java.base@17.0.2
j  jdk.internal.loader.URLClassPath$JarLoader$2.getManifest()Ljava/util/jar/Manifest;+10 java.base@17.0.2
j  jdk.internal.loader.BuiltinClassLoader.defineClass(Ljava/lang/String;Ljdk/internal/loader/Resource;)Ljava/lang/Class;+29 java.base@17.0.2
j  jdk.internal.loader.BuiltinClassLoader.findClassOnClassPathOrNull(Ljava/lang/String;)Ljava/lang/Class;+37 java.base@17.0.2
j  jdk.internal.loader.BuiltinClassLoader.loadClassOrNull(Ljava/lang/String;Z)Ljava/lang/Class;+111 java.base@17.0.2
j  jdk.internal.loader.BuiltinClassLoader.loadClass(Ljava/lang/String;Z)Ljava/lang/Class;+3 java.base@17.0.2
j  jdk.internal.loader.ClassLoaders$AppClassLoader.loadClass(Ljava/lang/String;Z)Ljava/lang/Class;+36 java.base@17.0.2
j  java.lang.ClassLoader.loadClass(Ljava/lang/String;)Ljava/lang/Class;+3 java.base@17.0.2
j  sun.instrument.InstrumentationImpl.loadClassAndStartAgent(Ljava/lang/String;Ljava/lang/String;Ljava/lang/String;)V+8 java.instrument@17.0.2
j  sun.instrument.InstrumentationImpl.loadClassAndCallPremain(Ljava/lang/String;Ljava/lang/String;)V+6 java.instrument@17.0.2
v  ~StubRoutines::call_stub

---------------  P R O C E S S  ---------------

Threads class SMR info:
_java_thread_list=0x00000267fb5d9a50, length=14, elements={
0x00000267f27bba40, 0x00000267fa8402b0, 0x00000267fa8412b0, 0x00000267fa87c9e0,
0x00000267fa87dcb0, 0x00000267fa881540, 0x00000267fa883d50, 0x00000267fa8892c0,
0x00000267fa88e040, 0x00000267fa896ce0, 0x00000267fb495ec0, 0x00000267fb65e3a0,
0x00000267fb660250, 0x00000267fb666e70
}
_to_delete_list=0x00000267fa829e30
Skipping _to_delete_list fields and contents for safety.

Java Threads: ( => current thread )
=>0x00000267f27bba40 JavaThread "main" [_thread_in_vm, id=9592, stack(0x000000b423200000,0x000000b423300000)]
  0x00000267fa8402b0 JavaThread "Reference Handler" daemon [_thread_blocked, id=9372, stack(0x000000b423900000,0x000000b423a00000)]
  0x00000267fa8412b0 JavaThread "Finalizer" daemon [_thread_blocked, id=9376, stack(0x000000b423a00000,0x000000b423b00000)]
  0x00000267fa87c9e0 JavaThread "Signal Dispatcher" daemon [_thread_blocked, id=9332, stack(0x000000b423b00000,0x000000b423c00000)]
  0x00000267fa87dcb0 JavaThread "Attach Listener" daemon [_thread_blocked, id=9380, stack(0x000000b423c00000,0x000000b423d00000)]
  0x00000267fa881540 JavaThread "Service Thread" daemon [_thread_blocked, id=9384, stack(0x000000b423d00000,0x000000b423e00000)]
  0x00000267fa883d50 JavaThread "Monitor Deflation Thread" daemon [_thread_blocked, id=9388, stack(0x000000b423e00000,0x000000b423f00000)]
  0x00000267fa8892c0 JavaThread "C2 CompilerThread0" daemon [_thread_blocked, id=9396, stack(0x000000b423f00000,0x000000b424000000)]
  0x00000267fa88e040 JavaThread "C1 CompilerThread0" daemon [_thread_blocked, id=9392, stack(0x000000b424000000,0x000000b424100000)]
  0x00000267fa896ce0 JavaThread "Sweeper thread" daemon [_thread_blocked, id=9400, stack(0x000000b424100000,0x000000b424200000)]
  0x00000267fb495ec0 JavaThread "Common-Cleaner" daemon [_thread_blocked, id=9360, stack(0x000000b424200000,0x000000b424300000)]
  0x00000267fb65e3a0 JavaThread "JDWP Transport Listener: dt_socket" daemon [_thread_blocked, id=9684, stack(0x000000b424300000,0x000000b424400000)]
  0x00000267fb660250 JavaThread "JDWP Event Helper Thread" daemon [_thread_blocked, id=9572, stack(0x000000b424400000,0x000000b424500000)]
  0x00000267fb666e70 JavaThread "JDWP Command Reader" daemon [_thread_in_native, id=9716, stack(0x000000b424500000,0x000000b424600000)]

Other Threads:
  0x00000267fa82a010 VMThread "VM Thread" [stack: 0x000000b423800000,0x000000b423900000] [id=9364] _threads_hazard_ptr=0x00000267fb5d9a50
  0x00000267f27e8a40 GCTaskThread "GC Thread#0" [stack: 0x000000b423300000,0x000000b423400000] [id=9588]
  0x00000267f27f2610 ConcurrentGCThread "G1 Main Marker" [stack: 0x000000b423400000,0x000000b423500000] [id=1792]
  0x00000267f27f3830 ConcurrentGCThread "G1 Conc#0" [stack: 0x000000b423500000,0x000000b423600000] [id=9344]
  0x00000267f2841b20 ConcurrentGCThread "G1 Refine#0" [stack: 0x000000b423600000,0x000000b423700000] [id=9348]
  0x00000267f2843460 ConcurrentGCThread "G1 Service" [stack: 0x000000b423700000,0x000000b423800000] [id=9352]

Threads with active compile tasks:

VM state: synchronizing (normal execution)

VM Mutex/Monitor currently owned by a thread:  ([mutex/lock_event])
[0x00000267f27a8460] Metaspace_lock - owner thread: 0x00000267f27bba40
[0x00000267f27b8550] Threads_lock - owner thread: 0x00000267fa82a010

Heap address: 0x00000000c1c00000, size: 996 MB, Compressed Oops mode: 32-bit

CDS archive(s) not mapped
Compressed class space mapped at: 0x0000000100000000-0x0000000140000000, reserved size: 1073741824
Narrow klass base: 0x0000000000000000, Narrow klass shift: 3, Narrow klass range: 0x140000000

GC Precious Log:
 CPUs: 4 total, 4 available
 Memory: 3976M
 Large Page Support: Disabled
 NUMA Support: Disabled
 Compressed Oops: Enabled (32-bit)
 Heap Region Size: 1M
 Heap Min Capacity: 8M
 Heap Initial Capacity: 64M
 Heap Max Capacity: 996M
 Pre-touch: Disabled
 Parallel Workers: 4
 Concurrent Workers: 1
 Concurrent Refinement Workers: 4
 Periodic GC: Disabled

Heap:
 garbage-first heap   total 65536K, used 3072K [0x00000000c1c00000, 0x0000000100000000)
  region size 1024K, 4 young (4096K), 0 survivors (0K)
 Metaspace       used 8472K, committed 8512K, reserved 1056768K
  class space    used 735K, committed 768K, reserved 1048576K

Heap Regions: E=young(eden), S=young(survivor), O=old, HS=humongous(starts), HC=humongous(continues), CS=collection set, F=free, OA=open archive, CA=closed archive, TAMS=top-at-mark-start (previous, next)
|   0|0x00000000c1c00000, 0x00000000c1c00000, 0x00000000c1d00000|  0%| F|  |TAMS 0x00000000c1c00000, 0x00000000c1c00000| Untracked 
|   1|0x00000000c1d00000, 0x00000000c1d00000, 0x00000000c1e00000|  0%| F|  |TAMS 0x00000000c1d00000, 0x00000000c1d00000| Untracked 
|   2|0x00000000c1e00000, 0x00000000c1e00000, 0x00000000c1f00000|  0%| F|  |TAMS 0x00000000c1e00000, 0x00000000c1e00000| Untracked 
|   3|0x00000000c1f00000, 0x00000000c1f00000, 0x00000000c2000000|  0%| F|  |TAMS 0x00000000c1f00000, 0x00000000c1f00000| Untracked 
|   4|0x00000000c2000000, 0x00000000c2000000, 0x00000000c2100000|  0%| F|  |TAMS 0x00000000c2000000, 0x00000000c2000000| Untracked 
|   5|0x00000000c2100000, 0x00000000c2100000, 0x00000000c2200000|  0%| F|  |TAMS 0x00000000c2100000, 0x00000000c2100000| Untracked 
|   6|0x00000000c2200000, 0x00000000c2200000, 0x00000000c2300000|  0%| F|  |TAMS 0x00000000c2200000, 0x00000000c2200000| Untracked 
|   7|0x00000000c2300000, 0x00000000c2300000, 0x00000000c2400000|  0%| F|  |TAMS 0x00000000c2300000, 0x00000000c2300000| Untracked 
|   8|0x00000000c2400000, 0x00000000c2400000, 0x00000000c2500000|  0%| F|  |TAMS 0x00000000c2400000, 0x00000000c2400000| Untracked 
|   9|0x00000000c2500000, 0x00000000c2500000, 0x00000000c2600000|  0%| F|  |TAMS 0x00000000c2500000, 0x00000000c2500000| Untracked 
|  10|0x00000000c2600000, 0x00000000c2600000, 0x00000000c2700000|  0%| F|  |TAMS 0x00000000c2600000, 0x00000000c2600000| Untracked 
|  11|0x00000000c2700000, 0x00000000c2700000, 0x00000000c2800000|  0%| F|  |TAMS 0x00000000c2700000, 0x00000000c2700000| Untracked 
|  12|0x00000000c2800000, 0x00000000c2800000, 0x00000000c2900000|  0%| F|  |TAMS 0x00000000c2800000, 0x00000000c2800000| Untracked 
|  13|0x00000000c2900000, 0x00000000c2900000, 0x00000000c2a00000|  0%| F|  |TAMS 0x00000000c2900000, 0x00000000c2900000| Untracked 
|  14|0x00000000c2a00000, 0x00000000c2a00000, 0x00000000c2b00000|  0%| F|  |TAMS 0x00000000c2a00000, 0x00000000c2a00000| Untracked 
|  15|0x00000000c2b00000, 0x00000000c2b00000, 0x00000000c2c00000|  0%| F|  |TAMS 0x00000000c2b00000, 0x00000000c2b00000| Untracked 
|  16|0x00000000c2c00000, 0x00000000c2c00000, 0x00000000c2d00000|  0%| F|  |TAMS 0x00000000c2c00000, 0x00000000c2c00000| Untracked 
|  17|0x00000000c2d00000, 0x00000000c2d00000, 0x00000000c2e00000|  0%| F|  |TAMS 0x00000000c2d00000, 0x00000000c2d00000| Untracked 
|  18|0x00000000c2e00000, 0x00000000c2e00000, 0x00000000c2f00000|  0%| F|  |TAMS 0x00000000c2e00000, 0x00000000c2e00000| Untracked 
|  19|0x00000000c2f00000, 0x00000000c2f00000, 0x00000000c3000000|  0%| F|  |TAMS 0x00000000c2f00000, 0x00000000c2f00000| Untracked 
|  20|0x00000000c3000000, 0x00000000c3000000, 0x00000000c3100000|  0%| F|  |TAMS 0x00000000c3000000, 0x00000000c3000000| Untracked 
|  21|0x00000000c3100000, 0x00000000c3100000, 0x00000000c3200000|  0%| F|  |TAMS 0x00000000c3100000, 0x00000000c3100000| Untracked 
|  22|0x00000000c3200000, 0x00000000c3200000, 0x00000000c3300000|  0%| F|  |TAMS 0x00000000c3200000, 0x00000000c3200000| Untracked 
|  23|0x00000000c3300000, 0x00000000c3300000, 0x00000000c3400000|  0%| F|  |TAMS 0x00000000c3300000, 0x00000000c3300000| Untracked 
|  24|0x00000000c3400000, 0x00000000c3400000, 0x00000000c3500000|  0%| F|  |TAMS 0x00000000c3400000, 0x00000000c3400000| Untracked 
|  25|0x00000000c3500000, 0x00000000c3500000, 0x00000000c3600000|  0%| F|  |TAMS 0x00000000c3500000, 0x00000000c3500000| Untracked 
|  26|0x00000000c3600000, 0x00000000c3600000, 0x00000000c3700000|  0%| F|  |TAMS 0x00000000c3600000, 0x00000000c3600000| Untracked 
|  27|0x00000000c3700000, 0x00000000c3700000, 0x00000000c3800000|  0%| F|  |TAMS 0x00000000c3700000, 0x00000000c3700000| Untracked 
|  28|0x00000000c3800000, 0x00000000c3800000, 0x00000000c3900000|  0%| F|  |TAMS 0x00000000c3800000, 0x00000000c3800000| Untracked 
|  29|0x00000000c3900000, 0x00000000c3900000, 0x00000000c3a00000|  0%| F|  |TAMS 0x00000000c3900000, 0x00000000c3900000| Untracked 
|  30|0x00000000c3a00000, 0x00000000c3a00000, 0x00000000c3b00000|  0%| F|  |TAMS 0x00000000c3a00000, 0x00000000c3a00000| Untracked 
|  31|0x00000000c3b00000, 0x00000000c3b00000, 0x00000000c3c00000|  0%| F|  |TAMS 0x00000000c3b00000, 0x00000000c3b00000| Untracked 
|  32|0x00000000c3c00000, 0x00000000c3c00000, 0x00000000c3d00000|  0%| F|  |TAMS 0x00000000c3c00000, 0x00000000c3c00000| Untracked 
|  33|0x00000000c3d00000, 0x00000000c3d00000, 0x00000000c3e00000|  0%| F|  |TAMS 0x00000000c3d00000, 0x00000000c3d00000| Untracked 
|  34|0x00000000c3e00000, 0x00000000c3e00000, 0x00000000c3f00000|  0%| F|  |TAMS 0x00000000c3e00000, 0x00000000c3e00000| Untracked 
|  35|0x00000000c3f00000, 0x00000000c3f00000, 0x00000000c4000000|  0%| F|  |TAMS 0x00000000c3f00000, 0x00000000c3f00000| Untracked 
|  36|0x00000000c4000000, 0x00000000c4000000, 0x00000000c4100000|  0%| F|  |TAMS 0x00000000c4000000, 0x00000000c4000000| Untracked 
|  37|0x00000000c4100000, 0x00000000c4100000, 0x00000000c4200000|  0%| F|  |TAMS 0x00000000c4100000, 0x00000000c4100000| Untracked 
|  38|0x00000000c4200000, 0x00000000c4200000, 0x00000000c4300000|  0%| F|  |TAMS 0x00000000c4200000, 0x00000000c4200000| Untracked 
|  39|0x00000000c4300000, 0x00000000c4300000, 0x00000000c4400000|  0%| F|  |TAMS 0x00000000c4300000, 0x00000000c4300000| Untracked 
|  40|0x00000000c4400000, 0x00000000c4400000, 0x00000000c4500000|  0%| F|  |TAMS 0x00000000c4400000, 0x00000000c4400000| Untracked 
|  41|0x00000000c4500000, 0x00000000c4500000, 0x00000000c4600000|  0%| F|  |TAMS 0x00000000c4500000, 0x00000000c4500000| Untracked 
|  42|0x00000000c4600000, 0x00000000c4600000, 0x00000000c4700000|  0%| F|  |TAMS 0x00000000c4600000, 0x00000000c4600000| Untracked 
|  43|0x00000000c4700000, 0x00000000c4700000, 0x00000000c4800000|  0%| F|  |TAMS 0x00000000c4700000, 0x00000000c4700000| Untracked 
|  44|0x00000000c4800000, 0x00000000c4800000, 0x00000000c4900000|  0%| F|  |TAMS 0x00000000c4800000, 0x00000000c4800000| Untracked 
|  45|0x00000000c4900000, 0x00000000c4900000, 0x00000000c4a00000|  0%| F|  |TAMS 0x00000000c4900000, 0x00000000c4900000| Untracked 
|  46|0x00000000c4a00000, 0x00000000c4a00000, 0x00000000c4b00000|  0%| F|  |TAMS 0x00000000c4a00000, 0x00000000c4a00000| Untracked 
|  47|0x00000000c4b00000, 0x00000000c4b00000, 0x00000000c4c00000|  0%| F|  |TAMS 0x00000000c4b00000, 0x00000000c4b00000| Untracked 
|  48|0x00000000c4c00000, 0x00000000c4c00000, 0x00000000c4d00000|  0%| F|  |TAMS 0x00000000c4c00000, 0x00000000c4c00000| Untracked 
|  49|0x00000000c4d00000, 0x00000000c4d00000, 0x00000000c4e00000|  0%| F|  |TAMS 0x00000000c4d00000, 0x00000000c4d00000| Untracked 
|  50|0x00000000c4e00000, 0x00000000c4e00000, 0x00000000c4f00000|  0%| F|  |TAMS 0x00000000c4e00000, 0x00000000c4e00000| Untracked 
|  51|0x00000000c4f00000, 0x00000000c4f00000, 0x00000000c5000000|  0%| F|  |TAMS 0x00000000c4f00000, 0x00000000c4f00000| Untracked 
|  52|0x00000000c5000000, 0x00000000c5000000, 0x00000000c5100000|  0%| F|  |TAMS 0x00000000c5000000, 0x00000000c5000000| Untracked 
|  53|0x00000000c5100000, 0x00000000c5100000, 0x00000000c5200000|  0%| F|  |TAMS 0x00000000c5100000, 0x00000000c5100000| Untracked 
|  54|0x00000000c5200000, 0x00000000c5200000, 0x00000000c5300000|  0%| F|  |TAMS 0x00000000c5200000, 0x00000000c5200000| Untracked 
|  55|0x00000000c5300000, 0x00000000c5300000, 0x00000000c5400000|  0%| F|  |TAMS 0x00000000c5300000, 0x00000000c5300000| Untracked 
|  56|0x00000000c5400000, 0x00000000c5400000, 0x00000000c5500000|  0%| F|  |TAMS 0x00000000c5400000, 0x00000000c5400000| Untracked 
|  57|0x00000000c5500000, 0x00000000c5500000, 0x00000000c5600000|  0%| F|  |TAMS 0x00000000c5500000, 0x00000000c5500000| Untracked 
|  58|0x00000000c5600000, 0x00000000c5600000, 0x00000000c5700000|  0%| F|  |TAMS 0x00000000c5600000, 0x00000000c5600000| Untracked 
|  59|0x00000000c5700000, 0x00000000c5700000, 0x00000000c5800000|  0%| F|  |TAMS 0x00000000c5700000, 0x00000000c5700000| Untracked 
|  60|0x00000000c5800000, 0x00000000c58dfbf8, 0x00000000c5900000| 87%| E|  |TAMS 0x00000000c5800000, 0x00000000c5800000| Complete 
|  61|0x00000000c5900000, 0x00000000c5a00000, 0x00000000c5a00000|100%| E|CS|TAMS 0x00000000c5900000, 0x00000000c5900000| Complete 
|  62|0x00000000c5a00000, 0x00000000c5b00000, 0x00000000c5b00000|100%| E|CS|TAMS 0x00000000c5a00000, 0x00000000c5a00000| Complete 
|  63|0x00000000c5b00000, 0x00000000c5c00000, 0x00000000c5c00000|100%| E|CS|TAMS 0x00000000c5b00000, 0x00000000c5b00000| Complete 

Card table byte_map: [0x00000267f6080000,0x00000267f6280000] _byte_map_base: 0x00000267f5a72000

Marking Bits (Prev, Next): (CMBitMap*) 0x00000267f27ea060, (CMBitMap*) 0x00000267f27ea0a0
 Prev Bits: [0x00000267f6480000, 0x00000267f7410000)
 Next Bits: [0x00000267f7410000, 0x00000267f83a0000)

Polling page: 0x00000267f07c0000

Metaspace:

Usage:
  Non-class:      7.56 MB used.
      Class:    735.56 KB used.
       Both:      8.27 MB used.

Virtual space:
  Non-class space:        8.00 MB reserved,       7.56 MB ( 95%) committed,  1 nodes.
      Class space:        1.00 GB reserved,     768.00 KB ( <1%) committed,  1 nodes.
             Both:        1.01 GB reserved,       8.31 MB ( <1%) committed. 

Chunk freelists:
   Non-Class:  6.00 KB
       Class:  3.25 MB
        Both:  3.26 MB

MaxMetaspaceSize: unlimited
CompressedClassSpaceSize: 1.00 GB
Initial GC threshold: 21.00 MB
Current GC threshold: 21.00 MB
CDS: off
MetaspaceReclaimPolicy: balanced
 - commit_granule_bytes: 65536.
 - commit_granule_words: 8192.
 - virtual_space_node_default_size: 1048576.
 - enlarge_chunks_in_place: 1.
 - new_chunks_are_fully_committed: 0.
 - uncommit_free_chunks: 1.
 - use_allocation_guard: 0.
 - handle_deallocations: 1.


Internal statistics:

num_allocs_failed_limit: 0.
num_arena_births: 4.
num_arena_deaths: 0.
num_vsnodes_births: 2.
num_vsnodes_deaths: 0.
num_space_committed: 133.
num_space_uncommitted: 0.
num_chunks_returned_to_freelist: 0.
num_chunks_taken_from_freelist: 22.
num_chunk_merges: 0.
num_chunk_splits: 5.
num_chunks_enlarged: 2.
num_purges: 0.
num_inconsistent_stats: 0.

CodeHeap 'non-profiled nmethods': size=120000Kb used=90Kb max_used=90Kb free=119910Kb
 bounds [0x0000026787ad0000, 0x0000026787d40000, 0x000002678f000000]
CodeHeap 'profiled nmethods': size=120000Kb used=415Kb max_used=415Kb free=119584Kb
 bounds [0x00000267805a0000, 0x0000026780810000, 0x0000026787ad0000]
CodeHeap 'non-nmethods': size=5760Kb used=1192Kb max_used=1205Kb free=4568Kb
 bounds [0x0000026780000000, 0x0000026780270000, 0x00000267805a0000]
 total_blobs=704 nmethods=298 adapters=319
 compilation: enabled
              stopped_count=0, restarted_count=0
 full_count=0

Compilation events (20 events):
Event: 2.048 Thread 0x00000267fa88e040  287       3       sun.nio.fs.WindowsPathParser::isSlash (18 bytes)
Event: 2.048 Thread 0x00000267fa88e040 nmethod 287 0x0000026780605010 code [0x00000267806051a0, 0x0000026780605318]
Event: 2.052 Thread 0x00000267fa88e040  288       3       java.lang.ref.Reference::reachabilityFence (1 bytes)
Event: 2.052 Thread 0x00000267fa88e040 nmethod 288 0x0000026780605390 code [0x0000026780605520, 0x0000026780605618]
Event: 2.053 Thread 0x00000267fa88e040  291       1       java.lang.invoke.MethodHandles$Lookup::lookupClass (5 bytes)
Event: 2.053 Thread 0x00000267fa88e040 nmethod 291 0x0000026787ae5e90 code [0x0000026787ae6020, 0x0000026787ae60f8]
Event: 2.053 Thread 0x00000267fa88e040  292       3       jdk.internal.org.objectweb.asm.SymbolTable::put (150 bytes)
Event: 2.054 Thread 0x00000267fa88e040 nmethod 292 0x0000026780605690 code [0x0000026780605880, 0x00000267806060f8]
Event: 2.055 Thread 0x00000267fa88e040  293       3       java.util.Objects::checkFromIndexSize (8 bytes)
Event: 2.055 Thread 0x00000267fa88e040 nmethod 293 0x0000026780606410 code [0x00000267806065c0, 0x00000267806067e8]
Event: 2.055 Thread 0x00000267fa88e040  294       3       jdk.internal.util.Preconditions::checkFromIndexSize (25 bytes)
Event: 2.055 Thread 0x00000267fa88e040 nmethod 294 0x0000026780606910 code [0x0000026780606ac0, 0x0000026780606ca8]
Event: 2.055 Thread 0x00000267fa88e040  295       1       java.util.zip.Inflater$InflaterZStreamRef::address (5 bytes)
Event: 2.055 Thread 0x00000267fa88e040 nmethod 295 0x0000026787ae6190 code [0x0000026787ae6320, 0x0000026787ae63f8]
Event: 2.055 Thread 0x00000267fa88e040  296       3       jdk.internal.misc.Unsafe::allocateUninitializedArray0 (90 bytes)
Event: 2.056 Thread 0x00000267fa88e040 nmethod 296 0x0000026780606d90 code [0x0000026780606fa0, 0x00000267806078d8]
Event: 2.058 Thread 0x00000267fa88e040  297       3       java.lang.StringUTF16::putChar (54 bytes)
Event: 2.058 Thread 0x00000267fa88e040 nmethod 297 0x0000026780607a10 code [0x0000026780607ba0, 0x0000026780607cf8]
Event: 2.059 Thread 0x00000267fa8892c0  298       4       java.lang.StringUTF16::putChar (54 bytes)
Event: 2.060 Thread 0x00000267fa8892c0 nmethod 298 0x0000026787ae6490 code [0x0000026787ae6600, 0x0000026787ae66d8]

GC Heap History (0 events):
No events

Deoptimization events (8 events):
Event: 1.668 Thread 0x00000267f27bba40 Uncommon trap: trap_request=0xffffffde fr.pc=0x0000026787adc6bc relative=0x00000000000008dc
Event: 1.668 Thread 0x00000267f27bba40 Uncommon trap: reason=class_check action=maybe_recompile pc=0x0000026787adc6bc method=java.util.HashMap.putVal(ILjava/lang/Object;Ljava/lang/Object;ZZ)Ljava/lang/Object; @ 152 c2
Event: 1.668 Thread 0x00000267f27bba40 DEOPT PACKING pc=0x0000026787adc6bc sp=0x000000b4232fe510
Event: 1.668 Thread 0x00000267f27bba40 DEOPT UNPACKING pc=0x00000267800523a3 sp=0x000000b4232fe4b0 mode 2
Event: 1.939 Thread 0x00000267f27bba40 Uncommon trap: trap_request=0xffffff45 fr.pc=0x0000026787adc764 relative=0x0000000000000984
Event: 1.939 Thread 0x00000267f27bba40 Uncommon trap: reason=unstable_if action=reinterpret pc=0x0000026787adc764 method=java.util.HashMap.putVal(ILjava/lang/Object;Ljava/lang/Object;ZZ)Ljava/lang/Object; @ 181 c2
Event: 1.939 Thread 0x00000267f27bba40 DEOPT PACKING pc=0x0000026787adc764 sp=0x000000b4232fe320
Event: 1.939 Thread 0x00000267f27bba40 DEOPT UNPACKING pc=0x00000267800523a3 sp=0x000000b4232fe2e0 mode 2

Classes unloaded (0 events):
No events

Classes redefined (0 events):
No events

Internal exceptions (0 events):
No events

VM Operations (6 events):
Event: 0.278 Executing VM operation: HandshakeAllThreads
Event: 0.278 Executing VM operation: HandshakeAllThreads done
Event: 0.456 Executing VM operation: ChangeBreakpoints
Event: 0.456 Executing VM operation: ChangeBreakpoints done
Event: 1.230 Executing VM operation: ChangeBreakpoints
Event: 1.230 Executing VM operation: ChangeBreakpoints done

Events (20 events):
Event: 2.057 loading class java/nio/CharBuffer
Event: 2.057 loading class java/lang/Readable
Event: 2.057 loading class java/lang/Readable done
Event: 2.057 loading class java/nio/CharBuffer done
Event: 2.057 loading class java/nio/ByteBufferAsCharBufferB done
Event: 2.058 loading class jdk/internal/icu/util/CodePointTrie$1
Event: 2.058 loading class jdk/internal/icu/util/CodePointTrie$1 done
Event: 2.058 loading class jdk/internal/icu/util/CodePointTrie$Data16
Event: 2.058 loading class jdk/internal/icu/util/CodePointTrie$Data
Event: 2.058 loading class jdk/internal/icu/util/CodePointTrie$Data done
Event: 2.058 loading class jdk/internal/icu/util/CodePointTrie$Data16 done
Event: 2.058 loading class java/nio/HeapCharBuffer
Event: 2.058 loading class java/nio/HeapCharBuffer done
Event: 2.059 loading class jdk/internal/icu/impl/Norm2AllModes$ComposeNormalizer2
Event: 2.059 loading class jdk/internal/icu/impl/Norm2AllModes$Normalizer2WithImpl
Event: 2.059 loading class jdk/internal/icu/impl/Norm2AllModes$Normalizer2WithImpl done
Event: 2.059 loading class jdk/internal/icu/impl/Norm2AllModes$ComposeNormalizer2 done
Event: 2.059 loading class jdk/internal/icu/impl/Norm2AllModes$DecomposeNormalizer2
Event: 2.059 loading class jdk/internal/icu/impl/Norm2AllModes$DecomposeNormalizer2 done
Event: 2.060 loading class java/security/Signature


Dynamic libraries:
0x00007ff7ef790000 - 0x00007ff7ef79e000 	C:\Users\DELL\.p2\pool\plugins\org.eclipse.justj.openjdk.hotspot.jre.full.win32.x86_64_17.0.2.v20220201-1208\jre\bin\javaw.exe
0x00007fff81070000 - 0x00007fff81265000 	C:\WINDOWS\SYSTEM32\ntdll.dll
0x00007fff7f0d0000 - 0x00007fff7f18e000 	C:\WINDOWS\System32\KERNEL32.DLL
0x00007fff7e9d0000 - 0x00007fff7ec98000 	C:\WINDOWS\System32\KERNELBASE.dll
0x00007fff7eca0000 - 0x00007fff7eda0000 	C:\WINDOWS\System32\ucrtbase.dll
0x00007fff79d80000 - 0x00007fff79d99000 	C:\Users\DELL\.p2\pool\plugins\org.eclipse.justj.openjdk.hotspot.jre.full.win32.x86_64_17.0.2.v20220201-1208\jre\bin\VCRUNTIME140.dll
0x00007fff7a0a0000 - 0x00007fff7a0b8000 	C:\Users\DELL\.p2\pool\plugins\org.eclipse.justj.openjdk.hotspot.jre.full.win32.x86_64_17.0.2.v20220201-1208\jre\bin\jli.dll
0x00007fff806d0000 - 0x00007fff80870000 	C:\WINDOWS\System32\USER32.dll
0x00007fff7e8f0000 - 0x00007fff7e912000 	C:\WINDOWS\System32\win32u.dll
0x00007fff6c300000 - 0x00007fff6c59a000 	C:\WINDOWS\WinSxS\amd64_microsoft.windows.common-controls_6595b64144ccf1df_6.0.19041.1110_none_60b5254171f9507e\COMCTL32.dll
0x00007fff80d20000 - 0x00007fff80d4b000 	C:\WINDOWS\System32\GDI32.dll
0x00007fff80a10000 - 0x00007fff80aae000 	C:\WINDOWS\System32\msvcrt.dll
0x00007fff7efc0000 - 0x00007fff7f0cb000 	C:\WINDOWS\System32\gdi32full.dll
0x00007fff7eda0000 - 0x00007fff7ee3d000 	C:\WINDOWS\System32\msvcp_win.dll
0x00007fff7f3f0000 - 0x00007fff7f420000 	C:\WINDOWS\System32\IMM32.DLL
0x00007fff7a070000 - 0x00007fff7a07c000 	C:\Users\DELL\.p2\pool\plugins\org.eclipse.justj.openjdk.hotspot.jre.full.win32.x86_64_17.0.2.v20220201-1208\jre\bin\vcruntime140_1.dll
0x00007fff65d60000 - 0x00007fff65df1000 	C:\Users\DELL\.p2\pool\plugins\org.eclipse.justj.openjdk.hotspot.jre.full.win32.x86_64_17.0.2.v20220201-1208\jre\bin\msvcp140.dll
0x00007fff5ac50000 - 0x00007fff5b897000 	C:\Users\DELL\.p2\pool\plugins\org.eclipse.justj.openjdk.hotspot.jre.full.win32.x86_64_17.0.2.v20220201-1208\jre\bin\server\jvm.dll
0x00007fff7f270000 - 0x00007fff7f31e000 	C:\WINDOWS\System32\ADVAPI32.dll
0x00007fff80270000 - 0x00007fff8030c000 	C:\WINDOWS\System32\sechost.dll
0x00007fff80d50000 - 0x00007fff80e75000 	C:\WINDOWS\System32\RPCRT4.dll
0x00007fff80090000 - 0x00007fff80098000 	C:\WINDOWS\System32\PSAPI.DLL
0x00007fff79200000 - 0x00007fff79209000 	C:\WINDOWS\SYSTEM32\WSOCK32.dll
0x00007fff74890000 - 0x00007fff748b7000 	C:\WINDOWS\SYSTEM32\WINMM.dll
0x00007fff6da30000 - 0x00007fff6da3a000 	C:\WINDOWS\SYSTEM32\VERSION.dll
0x00007fff80180000 - 0x00007fff801eb000 	C:\WINDOWS\System32\WS2_32.dll
0x00007fff7c730000 - 0x00007fff7c742000 	C:\WINDOWS\SYSTEM32\kernel.appcore.dll
0x00007fff77ff0000 - 0x00007fff77ffa000 	C:\Users\DELL\.p2\pool\plugins\org.eclipse.justj.openjdk.hotspot.jre.full.win32.x86_64_17.0.2.v20220201-1208\jre\bin\jimage.dll
0x00007fff6e7b0000 - 0x00007fff6e994000 	C:\WINDOWS\SYSTEM32\DBGHELP.DLL
0x00007fff6e2c0000 - 0x00007fff6e2ec000 	C:\WINDOWS\SYSTEM32\dbgcore.DLL
0x00007fff7ee70000 - 0x00007fff7eef2000 	C:\WINDOWS\System32\bcryptPrimitives.dll
0x00007fff79880000 - 0x00007fff798bb000 	C:\Users\DELL\.p2\pool\plugins\org.eclipse.justj.openjdk.hotspot.jre.full.win32.x86_64_17.0.2.v20220201-1208\jre\bin\jdwp.dll
0x00007fff7a020000 - 0x00007fff7a02e000 	C:\Users\DELL\.p2\pool\plugins\org.eclipse.justj.openjdk.hotspot.jre.full.win32.x86_64_17.0.2.v20220201-1208\jre\bin\instrument.dll
0x00007fff705d0000 - 0x00007fff705f5000 	C:\Users\DELL\.p2\pool\plugins\org.eclipse.justj.openjdk.hotspot.jre.full.win32.x86_64_17.0.2.v20220201-1208\jre\bin\java.dll
0x00007fff776e0000 - 0x00007fff776f8000 	C:\Users\DELL\.p2\pool\plugins\org.eclipse.justj.openjdk.hotspot.jre.full.win32.x86_64_17.0.2.v20220201-1208\jre\bin\zip.dll
0x00007fff7f4d0000 - 0x00007fff7fc14000 	C:\WINDOWS\System32\SHELL32.dll
0x00007fff7c8a0000 - 0x00007fff7d034000 	C:\WINDOWS\SYSTEM32\windows.storage.dll
0x00007fff80310000 - 0x00007fff80664000 	C:\WINDOWS\System32\combase.dll
0x00007fff7e1f0000 - 0x00007fff7e21c000 	C:\WINDOWS\SYSTEM32\Wldp.dll
0x00007fff80b50000 - 0x00007fff80bfd000 	C:\WINDOWS\System32\SHCORE.dll
0x00007fff7f190000 - 0x00007fff7f1e5000 	C:\WINDOWS\System32\shlwapi.dll
0x00007fff7e6d0000 - 0x00007fff7e6ef000 	C:\WINDOWS\SYSTEM32\profapi.dll
0x00007fff79bd0000 - 0x00007fff79bdc000 	C:\Users\DELL\.p2\pool\plugins\org.eclipse.justj.openjdk.hotspot.jre.full.win32.x86_64_17.0.2.v20220201-1208\jre\bin\dt_socket.dll
0x00007fff7dbf0000 - 0x00007fff7dc2b000 	C:\WINDOWS\SYSTEM32\IPHLPAPI.DLL
0x00007fff7df50000 - 0x00007fff7dfba000 	C:\WINDOWS\system32\mswsock.dll
0x00007fff7dc30000 - 0x00007fff7dcfa000 	C:\WINDOWS\SYSTEM32\DNSAPI.dll
0x00007fff80870000 - 0x00007fff80878000 	C:\WINDOWS\System32\NSI.dll
0x00007fff744c0000 - 0x00007fff744ca000 	C:\Windows\System32\rasadhlp.dll
0x00007fff74550000 - 0x00007fff745cf000 	C:\WINDOWS\System32\fwpuclnt.dll
0x00007fff7ee40000 - 0x00007fff7ee67000 	C:\WINDOWS\System32\bcrypt.dll
0x00007fff718c0000 - 0x00007fff718d9000 	C:\Users\DELL\.p2\pool\plugins\org.eclipse.justj.openjdk.hotspot.jre.full.win32.x86_64_17.0.2.v20220201-1208\jre\bin\net.dll
0x00007fff73e10000 - 0x00007fff73f19000 	C:\WINDOWS\SYSTEM32\WINHTTP.dll
0x00007fff70e10000 - 0x00007fff70e25000 	C:\Users\DELL\.p2\pool\plugins\org.eclipse.justj.openjdk.hotspot.jre.full.win32.x86_64_17.0.2.v20220201-1208\jre\bin\nio.dll

dbghelp: loaded successfully - version: 4.0.5 - missing functions: none
symbol engine: initialized successfully - sym options: 0x614 - pdb path: .;C:\Users\DELL\.p2\pool\plugins\org.eclipse.justj.openjdk.hotspot.jre.full.win32.x86_64_17.0.2.v20220201-1208\jre\bin;C:\WINDOWS\SYSTEM32;C:\WINDOWS\WinSxS\amd64_microsoft.windows.common-controls_6595b64144ccf1df_6.0.19041.1110_none_60b5254171f9507e;C:\Users\DELL\.p2\pool\plugins\org.eclipse.justj.openjdk.hotspot.jre.full.win32.x86_64_17.0.2.v20220201-1208\jre\bin\server

VM Arguments:
jvm_args: -XX:+ShowCodeDetailsInExceptionMessages -agentlib:jdwp=transport=dt_socket,suspend=y,address=localhost:53073 -javaagent:C:\Users\DELL\eclipse\jee-2022-03\eclipse\configuration\org.eclipse.osgi\422\0\.cp\lib\javaagent-shaded.jar -Dfile.encoding=Cp1252 
java_command: com.mypackage1.demo1
java_class_path (initial): C:\Users\DELL\git\C2TC_corejava\C2TC\bin
Launcher Type: SUN_STANDARD

[Global flags]
     intx CICompilerCount                          = 3                                         {product} {ergonomic}
     uint ConcGCThreads                            = 1                                         {product} {ergonomic}
     uint G1ConcRefinementThreads                  = 4                                         {product} {ergonomic}
   size_t G1HeapRegionSize                         = 1048576                                   {product} {ergonomic}
    uintx GCDrainStackTargetSize                   = 64                                        {product} {ergonomic}
   size_t InitialHeapSize                          = 67108864                                  {product} {ergonomic}
   size_t MarkStackSize                            = 4194304                                   {product} {ergonomic}
   size_t MaxHeapSize                              = 1044381696                                {product} {ergonomic}
   size_t MaxNewSize                               = 625999872                                 {product} {ergonomic}
   size_t MinHeapDeltaBytes                        = 1048576                                   {product} {ergonomic}
   size_t MinHeapSize                              = 8388608                                   {product} {ergonomic}
    uintx NonNMethodCodeHeapSize                   = 5832780                                {pd product} {ergonomic}
    uintx NonProfiledCodeHeapSize                  = 122912730                              {pd product} {ergonomic}
    uintx ProfiledCodeHeapSize                     = 122912730                              {pd product} {ergonomic}
    uintx ReservedCodeCacheSize                    = 251658240                              {pd product} {ergonomic}
     bool SegmentedCodeCache                       = true                                      {product} {ergonomic}
     bool ShowCodeDetailsInExceptionMessages       = true                                   {manageable} {command line}
   size_t SoftMaxHeapSize                          = 1044381696                             {manageable} {ergonomic}
     bool UseCompressedClassPointers               = true                           {product lp64_product} {ergonomic}
     bool UseCompressedOops                        = true                           {product lp64_product} {ergonomic}
     bool UseG1GC                                  = true                                      {product} {ergonomic}
     bool UseLargePagesIndividualAllocation        = false                                  {pd product} {ergonomic}

Logging:
Log output configuration:
 #0: stdout all=warning uptime,level,tags
 #1: stderr all=off uptime,level,tags

Environment Variables:
PATH=C:\Users\DELL\.p2\pool\plugins\org.eclipse.justj.openjdk.hotspot.jre.full.win32.x86_64_17.0.2.v20220201-1208\jre\bin;C:/Users/DELL/.p2/pool/plugins/org.eclipse.justj.openjdk.hotspot.jre.full.win32.x86_64_17.0.2.v20220201-1208/jre/bin/server;C:/Users/DELL/.p2/pool/plugins/org.eclipse.justj.openjdk.hotspot.jre.full.win32.x86_64_17.0.2.v20220201-1208/jre/bin;C:\Program Files (x86)\Common Files\Oracle\Java\javapath;C:\WINDOWS\system32;C:\WINDOWS;C:\WINDOWS\System32\Wbem;C:\WINDOWS\System32\WindowsPowerShell\v1.0\;C:\WINDOWS\System32\OpenSSH\;C:\Program Files (x86)\Java\jdk-18_windows-x64_bin\jdk-18\bin;C:\Users\DELL\AppData\Local\Programs\Microsoft VS Code\bin;C:\WINDOWS\System32;
USERNAME=DELL
OS=Windows_NT
PROCESSOR_IDENTIFIER=Intel64 Family 6 Model 42 Stepping 7, GenuineIntel



---------------  S Y S T E M  ---------------

OS:
 Windows 10 , 64 bit Build 19041 (10.0.19041.1566)
OS uptime: 0 days 4:19 hours

CPU: total 4 (initial active 4) (2 cores per cpu, 2 threads per core) family 6 model 42 stepping 7 microcode 0x2f, cx8, cmov, fxsr, ht, mmx, sse, sse2, sse3, ssse3, sse4.1, sse4.2, popcnt, tsc, tscinvbit, avx, aes, clmul, vzeroupper, clflush

Memory: 4k page, system-wide physical 3976M (557M free)
TotalPageFile size 5369M (AvailPageFile size 3M)
current process WorkingSet (physical memory assigned to process): 42M, peak: 42M
current process commit charge ("private bytes"): 134M, peak: 134M

vm_info: OpenJDK 64-Bit Server VM (17.0.2+8) for windows-amd64 JRE (17.0.2+8), built on Jan 20 2022 04:52:34 by "" with MS VC++ 16.7 (VS2019)

END.
